
Showing logs for build [32mcb-kubecd-environment-pr-206-66-zfrv8-1[0m stage [32mfrom-build-pack[0m and container [32mstep-credential-initializer-bk9q4[0m
{"level":"info","ts":1587597543.8174953,"logger":"fallback-logger","caller":"logging/config.go:69","msg":"Fetch GitHub commit ID from kodata failed: open /var/run/ko/refs/heads/0.8.0-ns-support: no such file or directory"}
{"level":"info","ts":1587597543.8181036,"logger":"fallback-logger","caller":"creds-init/main.go:40","msg":"Credentials initialized."}

Showing logs for build [32mcb-kubecd-environment-pr-206-66-zfrv8-1[0m stage [32mfrom-build-pack[0m and container [32mstep-working-dir-initializer-d2zsh[0m
{"level":"info","ts":1587597544.6567194,"logger":"fallback-logger","caller":"logging/config.go:69","msg":"Fetch GitHub commit ID from kodata failed: open /var/run/ko/HEAD: no such file or directory"}
{"level":"info","ts":1587597544.6585221,"logger":"fallback-logger","caller":"bash/main.go:64","msg":"Successfully executed command \"sh -c mkdir -p /workspace/source\"; output "}

Showing logs for build [32mcb-kubecd-environment-pr-206-66-zfrv8-1[0m stage [32mfrom-build-pack[0m and container [32mstep-place-tools[0m

Showing logs for build [32mcb-kubecd-environment-pr-206-66-zfrv8-1[0m stage [32mfrom-build-pack[0m and container [32mstep-git-source-cb-kubecd-environment-pr-206-66-zfrv8-sr66t[0m
{"level":"info","ts":1587597548.796728,"logger":"fallback-logger","caller":"logging/config.go:69","msg":"Fetch GitHub commit ID from kodata failed: open /var/run/ko/refs/heads/0.8.0-ns-support: no such file or directory"}
{"level":"info","ts":1587597549.875309,"logger":"fallback-logger","caller":"git/git.go:103","msg":"Successfully cloned https://github.com/cb-kubecd/environment-pr-206-66-boot-gke-staging.git @ master in path /workspace/source"}

Showing logs for build [32mcb-kubecd-environment-pr-206-66-zfrv8-1[0m stage [32mfrom-build-pack[0m and container [32mstep-git-merge[0m
Using SHAs from PULL_REFS=master:618ef7066631c738356a06ddad1cedfd30f213e5,4:6abc3ffb6b6bb45c535ea29a68408e7e03cc13a7
DEBUG: LC_ALL=C JX_LOG_LEVEL=error git fetch origin --unshallow 6abc3ffb6b6bb45c535ea29a68408e7e03cc13a7: 618ef7066631c738356a06ddad1cedfd30f213e5:
DEBUG: ran git fetch --unshallow origin 6abc3ffb6b6bb45c535ea29a68408e7e03cc13a7: 618ef7066631c738356a06ddad1cedfd30f213e5: in 
DEBUG: LC_ALL=C JX_LOG_LEVEL=error git branch
DEBUG: LC_ALL=C JX_LOG_LEVEL=error git checkout master
DEBUG: ran git checkout master in 
DEBUG: LC_ALL=C JX_LOG_LEVEL=error git reset --hard 618ef7066631c738356a06ddad1cedfd30f213e5
DEBUG: ran git reset --hard 618ef7066631c738356a06ddad1cedfd30f213e5 in 
DEBUG: JX_LOG_LEVEL=error LC_ALL=C git clean -fd .
DEBUG: ran clean --force -d . in 
DEBUG: LC_ALL=C JX_LOG_LEVEL=error git merge 6abc3ffb6b6bb45c535ea29a68408e7e03cc13a7
DEBUG: ran git merge 6abc3ffb6b6bb45c535ea29a68408e7e03cc13a7 in 
DEBUG: LC_ALL=C JX_LOG_LEVEL=error git log --format=%H%x1f%an%x1f%ae%x1f%cn%x1f%ce%x1f%s%n%b%x1e 618ef7066631c738356a06ddad1cedfd30f213e5..HEAD
Merged SHA 6abc3ffb6b6bb45c535ea29a68408e7e03cc13a7 with commit message 'chore: Promote bdd-gh-1587595661 to version 0.0.1' into base branch master

Showing logs for build [32mcb-kubecd-environment-pr-206-66-zfrv8-1[0m stage [32mfrom-build-pack[0m and container [32mstep-build-helm-build[0m
WARNING: No $CHART_REPOSITORY defined so using the default value of: http://jenkins-x-chartmuseum:8080
Adding missing Helm repo: storage.googleapis.com https://storage.googleapis.com/chartmuseum.jenkins-x.io
WARNING: No secrets found on "helm/repos" due: reading the secret "helm/repos" from vault: no secret "helm/repos" not found in vault
Read credentials for https://storage.googleapis.com/chartmuseum.jenkins-x.io from vault helm/repos
Successfully added Helm repository storage.googleapis.com.
Adding missing Helm repo: jenkins-x-chartmuseum http://jenkins-x-chartmuseum:8080
WARNING: No secrets found on "helm/repos" due: reading the secret "helm/repos" from vault: no secret "helm/repos" not found in vault
Read credentials for http://jenkins-x-chartmuseum:8080 from vault helm/repos
Successfully added Helm repository jenkins-x-chartmuseum.
WARNING: No $CHART_REPOSITORY defined so using the default value of: http://jenkins-x-chartmuseum:8080
Adding missing Helm repo: chartmuseum.jenkins-x.io http://chartmuseum.jenkins-x.io
WARNING: No secrets found on "helm/repos" due: reading the secret "helm/repos" from vault: no secret "helm/repos" not found in vault
Read credentials for http://chartmuseum.jenkins-x.io from vault helm/repos
Successfully added Helm repository chartmuseum.jenkins-x.io.
