
Showing logs for build [32mcb-kubecd-environment-pr-206-66-rrp7n-1[0m stage [32mfrom-build-pack[0m and container [32mstep-credential-initializer-zm9nq[0m
{"level":"info","ts":1587594964.195103,"logger":"fallback-logger","caller":"logging/config.go:69","msg":"Fetch GitHub commit ID from kodata failed: open /var/run/ko/refs/heads/0.8.0-ns-support: no such file or directory"}
{"level":"info","ts":1587594964.1957102,"logger":"fallback-logger","caller":"creds-init/main.go:40","msg":"Credentials initialized."}

Showing logs for build [32mcb-kubecd-environment-pr-206-66-rrp7n-1[0m stage [32mfrom-build-pack[0m and container [32mstep-working-dir-initializer-727xx[0m
{"level":"info","ts":1587594964.8750863,"logger":"fallback-logger","caller":"logging/config.go:69","msg":"Fetch GitHub commit ID from kodata failed: open /var/run/ko/HEAD: no such file or directory"}
{"level":"info","ts":1587594964.8774245,"logger":"fallback-logger","caller":"bash/main.go:64","msg":"Successfully executed command \"sh -c mkdir -p /workspace/source\"; output "}

Showing logs for build [32mcb-kubecd-environment-pr-206-66-rrp7n-1[0m stage [32mfrom-build-pack[0m and container [32mstep-place-tools[0m

Showing logs for build [32mcb-kubecd-environment-pr-206-66-rrp7n-1[0m stage [32mfrom-build-pack[0m and container [32mstep-git-source-cb-kubecd-environment-pr-206-66-rrp7n-9x4pq[0m
{"level":"info","ts":1587594992.0295513,"logger":"fallback-logger","caller":"logging/config.go:69","msg":"Fetch GitHub commit ID from kodata failed: open /var/run/ko/refs/heads/0.8.0-ns-support: no such file or directory"}
{"level":"info","ts":1587594993.128984,"logger":"fallback-logger","caller":"git/git.go:103","msg":"Successfully cloned https://github.com/cb-kubecd/environment-pr-206-66-boot-gke-staging.git @ master in path /workspace/source"}

Showing logs for build [32mcb-kubecd-environment-pr-206-66-rrp7n-1[0m stage [32mfrom-build-pack[0m and container [32mstep-git-merge[0m
Using SHAs from PULL_REFS=master:c1cf1c67687675e4a466a39c1148494f42aee6ba,1:17938444db8e3ca641f7b442494ae834e03301ba
DEBUG: LC_ALL=C JX_LOG_LEVEL=error git fetch origin --unshallow 17938444db8e3ca641f7b442494ae834e03301ba: c1cf1c67687675e4a466a39c1148494f42aee6ba:
DEBUG: ran git fetch --unshallow origin 17938444db8e3ca641f7b442494ae834e03301ba: c1cf1c67687675e4a466a39c1148494f42aee6ba: in 
DEBUG: LC_ALL=C JX_LOG_LEVEL=error git branch
DEBUG: LC_ALL=C JX_LOG_LEVEL=error git checkout master
DEBUG: ran git checkout master in 
DEBUG: LC_ALL=C JX_LOG_LEVEL=error git reset --hard c1cf1c67687675e4a466a39c1148494f42aee6ba
DEBUG: ran git reset --hard c1cf1c67687675e4a466a39c1148494f42aee6ba in 
DEBUG: LC_ALL=C JX_LOG_LEVEL=error git clean -fd .
DEBUG: ran clean --force -d . in 
DEBUG: LC_ALL=C JX_LOG_LEVEL=error git merge 17938444db8e3ca641f7b442494ae834e03301ba
DEBUG: ran git merge 17938444db8e3ca641f7b442494ae834e03301ba in 
DEBUG: JX_LOG_LEVEL=error LC_ALL=C git log --format=%H%x1f%an%x1f%ae%x1f%cn%x1f%ce%x1f%s%n%b%x1e c1cf1c67687675e4a466a39c1148494f42aee6ba..HEAD
Merged SHA 17938444db8e3ca641f7b442494ae834e03301ba with commit message 'chore: Promote bdd-spring-1587594600 to version 0.0.1' into base branch master

Showing logs for build [32mcb-kubecd-environment-pr-206-66-rrp7n-1[0m stage [32mfrom-build-pack[0m and container [32mstep-build-helm-build[0m
WARNING: No $CHART_REPOSITORY defined so using the default value of: http://jenkins-x-chartmuseum:8080
Adding missing Helm repo: storage.googleapis.com https://storage.googleapis.com/chartmuseum.jenkins-x.io
WARNING: No secrets found on "helm/repos" due: reading the secret "helm/repos" from vault: no secret "helm/repos" not found in vault
Read credentials for https://storage.googleapis.com/chartmuseum.jenkins-x.io from vault helm/repos
Successfully added Helm repository storage.googleapis.com.
Adding missing Helm repo: jenkins-x-chartmuseum http://jenkins-x-chartmuseum:8080
WARNING: No secrets found on "helm/repos" due: reading the secret "helm/repos" from vault: no secret "helm/repos" not found in vault
Read credentials for http://jenkins-x-chartmuseum:8080 from vault helm/repos
Successfully added Helm repository jenkins-x-chartmuseum.
WARNING: No $CHART_REPOSITORY defined so using the default value of: http://jenkins-x-chartmuseum:8080
Adding missing Helm repo: chartmuseum.jenkins-x.io http://chartmuseum.jenkins-x.io
WARNING: No secrets found on "helm/repos" due: reading the secret "helm/repos" from vault: no secret "helm/repos" not found in vault
Read credentials for http://chartmuseum.jenkins-x.io from vault helm/repos
Successfully added Helm repository chartmuseum.jenkins-x.io.
